{
  "stats": {
    "suites": 7,
    "tests": 18,
    "passes": 18,
    "pending": 0,
    "failures": 0,
    "start": "2022-11-08T16:17:16.249Z",
    "end": "2022-11-08T16:17:30.534Z",
    "duration": 14285,
    "testsRegistered": 18,
    "passPercent": 100,
    "pendingPercent": 0,
    "other": 0,
    "hasOther": false,
    "skipped": 0,
    "hasSkipped": false
  },
  "results": [
    {
      "uuid": "67724c7b-2bbc-46b5-a14a-1417d1f18ec6",
      "title": "",
      "fullFile": "cypress/e2e/public.cy.js",
      "file": "cypress/e2e/public.cy.js",
      "beforeHooks": [],
      "afterHooks": [],
      "tests": [],
      "suites": [
        {
          "uuid": "71c9ae62-eac4-4ac2-863e-099a1bd8a106",
          "title": "Hack#1 Public Test",
          "fullFile": "",
          "file": "",
          "beforeHooks": [],
          "afterHooks": [],
          "tests": [],
          "suites": [
            {
              "uuid": "577be32f-8759-4c50-b32c-85e6803cf243",
              "title": "Problem 1",
              "fullFile": "",
              "file": "",
              "beforeHooks": [],
              "afterHooks": [],
              "tests": [
                {
                  "title": "1-1 Keyboard-container exists and the third row is correct",
                  "fullTitle": "Hack#1 Public Test Problem 1 1-1 Keyboard-container exists and the third row is correct",
                  "timedOut": null,
                  "duration": 252,
                  "state": "passed",
                  "speed": "fast",
                  "pass": true,
                  "fail": false,
                  "pending": false,
                  "context": null,
                  "code": "cy.get('.Keyboard-container').should('be.visible');",
                  "err": {},
                  "uuid": "05be6453-db4e-4ac2-90df-4529f6f13077",
                  "parentUUID": "577be32f-8759-4c50-b32c-85e6803cf243",
                  "isHook": false,
                  "skipped": false
                },
                {
                  "title": "1-2-1 Keyboard-container first row correct",
                  "fullTitle": "Hack#1 Public Test Problem 1 1-2-1 Keyboard-container first row correct",
                  "timedOut": null,
                  "duration": 95,
                  "state": "passed",
                  "speed": "fast",
                  "pass": true,
                  "fail": false,
                  "pending": false,
                  "context": null,
                  "code": "const chars = 'q w e r t y u i o p'.split(' ');\ncy.get('.Keyboard-container > #KBrow_1').should('have.class', 'Keyboard-row').children().should('have.length', 10);\ncy.get('.Keyboard-container > #KBrow_1').children().each(($el, index) => {\n  cy.wrap($el).should('have.text', chars[index]).should('have.id', 'char_' + chars[index]);\n});",
                  "err": {},
                  "uuid": "216c9d8c-f5f2-4b32-82df-0e32990bedf2",
                  "parentUUID": "577be32f-8759-4c50-b32c-85e6803cf243",
                  "isHook": false,
                  "skipped": false
                },
                {
                  "title": "1-2-2 Keyboard-container second row correct",
                  "fullTitle": "Hack#1 Public Test Problem 1 1-2-2 Keyboard-container second row correct",
                  "timedOut": null,
                  "duration": 74,
                  "state": "passed",
                  "speed": "fast",
                  "pass": true,
                  "fail": false,
                  "pending": false,
                  "context": null,
                  "code": "const chars = 'a s d f g h j k l'.split(' ');\ncy.get('.Keyboard-container > #KBrow_2').should('have.class', 'Keyboard-row').children().should('have.length', 9);\ncy.get('.Keyboard-container > #KBrow_2').children().each(($el, index) => {\n  cy.wrap($el).should('have.text', chars[index]).should('have.id', 'char_' + chars[index]);\n});",
                  "err": {},
                  "uuid": "5a2f5e32-e43c-4ee0-800f-589abca0fb2c",
                  "parentUUID": "577be32f-8759-4c50-b32c-85e6803cf243",
                  "isHook": false,
                  "skipped": false
                }
              ],
              "suites": [],
              "passes": [
                "05be6453-db4e-4ac2-90df-4529f6f13077",
                "216c9d8c-f5f2-4b32-82df-0e32990bedf2",
                "5a2f5e32-e43c-4ee0-800f-589abca0fb2c"
              ],
              "failures": [],
              "pending": [],
              "skipped": [],
              "duration": 421,
              "root": false,
              "rootEmpty": false,
              "_timeout": 2000
            },
            {
              "uuid": "e70c4718-e73e-44c8-bc1f-29cfe4898eca",
              "title": "Problem 2",
              "fullFile": "",
              "file": "",
              "beforeHooks": [],
              "afterHooks": [],
              "tests": [
                {
                  "title": "2-1 Board-container exists",
                  "fullTitle": "Hack#1 Public Test Problem 2 2-1 Board-container exists",
                  "timedOut": null,
                  "duration": 45,
                  "state": "passed",
                  "speed": "fast",
                  "pass": true,
                  "fail": false,
                  "pending": false,
                  "context": null,
                  "code": "cy.get('.Board-container').should('be.visible');",
                  "err": {},
                  "uuid": "80482b9f-4425-4d4a-8f23-c33c5444392e",
                  "parentUUID": "e70c4718-e73e-44c8-bc1f-29cfe4898eca",
                  "isHook": false,
                  "skipped": false
                },
                {
                  "title": "2-2-1 There are six Row-containers",
                  "fullTitle": "Hack#1 Public Test Problem 2 2-2-1 There are six Row-containers",
                  "timedOut": null,
                  "duration": 49,
                  "state": "passed",
                  "speed": "fast",
                  "pass": true,
                  "fail": false,
                  "pending": false,
                  "context": null,
                  "code": "cy.get('.Board-container > .Row-container').should('have.length', 6);",
                  "err": {},
                  "uuid": "bff5c39f-d4c1-4b5d-88be-2226c28e618a",
                  "parentUUID": "e70c4718-e73e-44c8-bc1f-29cfe4898eca",
                  "isHook": false,
                  "skipped": false
                },
                {
                  "title": "2-2-2 CurRow is at the first row",
                  "fullTitle": "Hack#1 Public Test Problem 2 2-2-2 CurRow is at the first row",
                  "timedOut": null,
                  "duration": 60,
                  "state": "passed",
                  "speed": "fast",
                  "pass": true,
                  "fail": false,
                  "pending": false,
                  "context": null,
                  "code": "cy.get('.Board-container > .Row-container').children().eq(0).should('have.class', 'current');",
                  "err": {},
                  "uuid": "70d084c9-27bd-49ba-9a10-849d11caa9b8",
                  "parentUUID": "e70c4718-e73e-44c8-bc1f-29cfe4898eca",
                  "isHook": false,
                  "skipped": false
                }
              ],
              "suites": [],
              "passes": [
                "80482b9f-4425-4d4a-8f23-c33c5444392e",
                "bff5c39f-d4c1-4b5d-88be-2226c28e618a",
                "70d084c9-27bd-49ba-9a10-849d11caa9b8"
              ],
              "failures": [],
              "pending": [],
              "skipped": [],
              "duration": 154,
              "root": false,
              "rootEmpty": false,
              "_timeout": 2000
            },
            {
              "uuid": "2f4034b4-aa60-4fc5-a38a-00f48e21c4ad",
              "title": "Problem 3",
              "fullFile": "",
              "file": "",
              "beforeHooks": [],
              "afterHooks": [],
              "tests": [
                {
                  "title": "3-1 curGuess is rendered onto CurRow",
                  "fullTitle": "Hack#1 Public Test Problem 3 3-1 curGuess is rendered onto CurRow",
                  "timedOut": null,
                  "duration": 337,
                  "state": "passed",
                  "speed": "fast",
                  "pass": true,
                  "fail": false,
                  "pending": false,
                  "context": null,
                  "code": "cy.get('body').type('{a}');\ncy.get('.Row-wrapper.current').children().eq(0).should('have.text', 'a').and('have.id', '0-0');\ncy.get('body').type('{b}').type('{c}').type('{e}');\ncy.get('.Row-wrapper.current').children().eq(1).should('have.text', 'b').and('have.id', '0-1');\ncy.get('.Row-wrapper.current').children().eq(2).should('have.text', 'c').and('have.id', '0-2');\ncy.get('.Row-wrapper.current').children().eq(3).should('have.text', 'e').and('have.id', '0-3');",
                  "err": {},
                  "uuid": "0ef530af-fbaa-402e-b35f-9eb9d94b3fed",
                  "parentUUID": "2f4034b4-aa60-4fc5-a38a-00f48e21c4ad",
                  "isHook": false,
                  "skipped": false
                },
                {
                  "title": "3-2 Type more than 5 letters",
                  "fullTitle": "Hack#1 Public Test Problem 3 3-2 Type more than 5 letters",
                  "timedOut": null,
                  "duration": 478,
                  "state": "passed",
                  "speed": "fast",
                  "pass": true,
                  "fail": false,
                  "pending": false,
                  "context": null,
                  "code": "const test = ['a', 'b', 'c', 'd', 'e', 'f'];\nfor (let i = 0; i < test.length; i += 1) {\n  cy.get('body').type(`{${test[i]}}`);\n}\ncy.get('.Row-wrapper.current').children().each(($el, index) => {\n  cy.wrap($el).should('have.text', test[index]).and('have.id', '0-' + index);\n});",
                  "err": {},
                  "uuid": "a89bb331-3c41-448a-a0c8-85f91ac59c68",
                  "parentUUID": "2f4034b4-aa60-4fc5-a38a-00f48e21c4ad",
                  "isHook": false,
                  "skipped": false
                },
                {
                  "title": "3-3 Backspace is working",
                  "fullTitle": "Hack#1 Public Test Problem 3 3-3 Backspace is working",
                  "timedOut": null,
                  "duration": 533,
                  "state": "passed",
                  "speed": "fast",
                  "pass": true,
                  "fail": false,
                  "pending": false,
                  "context": null,
                  "code": "const test = ['z', 'x', 'c', 'v', 'backspace', 'b', 'n'];\nconst ans = ['z', 'x', 'c', 'b', 'n'];\nfor (let i = 0; i < test.length; i += 1) {\n  cy.get('body').type(`{${test[i]}}`);\n}\ncy.get('.Row-wrapper.current').children().each(($el, index) => {\n  cy.wrap($el).should('have.text', ans[index]);\n});",
                  "err": {},
                  "uuid": "fd97d790-8bbc-4a31-9e3d-5bc4f30e03fd",
                  "parentUUID": "2f4034b4-aa60-4fc5-a38a-00f48e21c4ad",
                  "isHook": false,
                  "skipped": false
                },
                {
                  "title": "3-4 Filled wordboxes should have class filled",
                  "fullTitle": "Hack#1 Public Test Problem 3 3-4 Filled wordboxes should have class filled",
                  "timedOut": null,
                  "duration": 211,
                  "state": "passed",
                  "speed": "fast",
                  "pass": true,
                  "fail": false,
                  "pending": false,
                  "context": null,
                  "code": "cy.get('.Row-wrapper.current').children().each(($el, index) => {\n  cy.wrap($el).not('have.class', 'filled');\n});\ncy.get('body').type('{z}').type('{x}');\ncy.get('.Row-wrapper.current').children().each(($el, index) => {\n  if (index < 2) {\n    if (index == 0) cy.wrap($el).should('have.text', 'z').and('have.class', 'filled');else if (index == 1) cy.wrap($el).should('have.text', 'x').and('have.class', 'filled');\n  } else {\n    cy.wrap($el).not('have.class', 'filled');\n    cy.wrap($el).should('have.text', '');\n  }\n});",
                  "err": {},
                  "uuid": "bbbe7ffe-4223-40dc-98ed-1545c47bce62",
                  "parentUUID": "2f4034b4-aa60-4fc5-a38a-00f48e21c4ad",
                  "isHook": false,
                  "skipped": false
                }
              ],
              "suites": [],
              "passes": [
                "0ef530af-fbaa-402e-b35f-9eb9d94b3fed",
                "a89bb331-3c41-448a-a0c8-85f91ac59c68",
                "fd97d790-8bbc-4a31-9e3d-5bc4f30e03fd",
                "bbbe7ffe-4223-40dc-98ed-1545c47bce62"
              ],
              "failures": [],
              "pending": [],
              "skipped": [],
              "duration": 1559,
              "root": false,
              "rootEmpty": false,
              "_timeout": 2000
            },
            {
              "uuid": "7f0ea5ed-dcb9-4c71-a8eb-118439ea6626",
              "title": "Problem 4",
              "fullFile": "",
              "file": "",
              "beforeHooks": [],
              "afterHooks": [],
              "tests": [
                {
                  "title": "4-1 CurRow change after pressing enter",
                  "fullTitle": "Hack#1 Public Test Problem 4 4-1 CurRow change after pressing enter",
                  "timedOut": null,
                  "duration": 462,
                  "state": "passed",
                  "speed": "fast",
                  "pass": true,
                  "fail": false,
                  "pending": false,
                  "context": null,
                  "code": "const test = ['a', 'b', 'c', 'd', 'e', 'enter'];\nfor (let i = 0; i < test.length; i += 1) {\n  cy.get('body').type(`{${test[i]}}`);\n}\ncy.get('.Board-container').children().eq(0).get('.Row-wrapper').not('have.class', 'current');\ncy.get('.Board-container').children().eq(1).get('.Row-wrapper').should('have.class', 'current');",
                  "err": {},
                  "uuid": "e5c3bd1c-de8f-4fa8-9c3a-3c16013ef15c",
                  "parentUUID": "7f0ea5ed-dcb9-4c71-a8eb-118439ea6626",
                  "isHook": false,
                  "skipped": false
                },
                {
                  "title": "4-2 Green rendered correctly (only one line)",
                  "fullTitle": "Hack#1 Public Test Problem 4 4-2 Green rendered correctly (only one line)",
                  "timedOut": null,
                  "duration": 472,
                  "state": "passed",
                  "speed": "fast",
                  "pass": true,
                  "fail": false,
                  "pending": false,
                  "context": null,
                  "code": "const test = ['m', 'a', 'n', 'a', 's', 'enter'];\nconst answer = ['green', 'grey', 'green', 'grey', 'green'];\nfor (let i = 0; i < test.length; i += 1) {\n  cy.get('body').type(`{${test[i]}}`);\n}\ncy.get('.Board-container > .Row-container > .Row-wrapper').eq(0).children().each(($el, index) => {\n  cy.wrap($el).should('have.class', answer[index]).and('have.text', test[index]);\n});",
                  "err": {},
                  "uuid": "2fd1ec2f-7af5-45d4-bec6-e9a47d4cc5ae",
                  "parentUUID": "7f0ea5ed-dcb9-4c71-a8eb-118439ea6626",
                  "isHook": false,
                  "skipped": false
                },
                {
                  "title": "4-3 Green and yellow rendered correctly (only one line)",
                  "fullTitle": "Hack#1 Public Test Problem 4 4-3 Green and yellow rendered correctly (only one line)",
                  "timedOut": null,
                  "duration": 471,
                  "state": "passed",
                  "speed": "fast",
                  "pass": true,
                  "fail": false,
                  "pending": false,
                  "context": null,
                  "code": "const test = ['a', 'i', 'u', 'b', 'm', 'enter'];\nconst answer = ['grey', 'green', 'yellow', 'grey', 'yellow'];\nfor (let i = 0; i < test.length; i += 1) {\n  cy.get('body').type(`{${test[i]}}`);\n}\ncy.get('.Board-container > .Row-container > .Row-wrapper').eq(0).children().each(($el, index) => {\n  cy.wrap($el).should('have.class', answer[index]).and('have.text', test[index]);\n});",
                  "err": {},
                  "uuid": "b1025003-62aa-4d51-bdd9-475b5fe308d5",
                  "parentUUID": "7f0ea5ed-dcb9-4c71-a8eb-118439ea6626",
                  "isHook": false,
                  "skipped": false
                },
                {
                  "title": "4-4 Multiple Lines Test",
                  "fullTitle": "Hack#1 Public Test Problem 4 4-4 Multiple Lines Test",
                  "timedOut": null,
                  "duration": 2086,
                  "state": "passed",
                  "speed": "fast",
                  "pass": true,
                  "fail": false,
                  "pending": false,
                  "context": null,
                  "code": "const tests = [['z', 'x', 'c', 'v', 'b', 'enter'], ['m', 'a', 'b', 'c', 'u', 'enter'], ['b', 'a', 'n', 'f', 's', 'enter'], ['m', 'u', 'n', 'a', 's', 'enter'], ['m', 'i', 'n', 'u', 's', 'enter']];\nconst answers = [['grey', 'grey', 'grey', 'grey', 'grey'], ['green', 'grey', 'grey', 'grey', 'yellow'], ['grey', 'grey', 'green', 'grey', 'green'], ['green', 'yellow', 'green', 'grey', 'green'], ['green', 'green', 'green', 'green', 'green']];\nfor (let line = 0; line < tests.length; line += 1) {\n  for (let i = 0; i < tests[0].length; i += 1) {\n    cy.get('body').type(`{${tests[line][i]}}`);\n  }\n}\ncy.get('.Board-container').children().each(($el, line) => {\n  if (line < answers.length) {\n    cy.wrap($el).children().eq(0).children().each(($el, i) => {\n      cy.wrap($el).should('have.text', tests[line][i]).should('have.class', answers[line][i]).should('have.id', line + '-' + i);\n    });\n  }\n});",
                  "err": {},
                  "uuid": "644e3829-67e2-48ef-85dd-ace7dfe882ff",
                  "parentUUID": "7f0ea5ed-dcb9-4c71-a8eb-118439ea6626",
                  "isHook": false,
                  "skipped": false
                }
              ],
              "suites": [],
              "passes": [
                "e5c3bd1c-de8f-4fa8-9c3a-3c16013ef15c",
                "2fd1ec2f-7af5-45d4-bec6-e9a47d4cc5ae",
                "b1025003-62aa-4d51-bdd9-475b5fe308d5",
                "644e3829-67e2-48ef-85dd-ace7dfe882ff"
              ],
              "failures": [],
              "pending": [],
              "skipped": [],
              "duration": 3491,
              "root": false,
              "rootEmpty": false,
              "_timeout": 2000
            },
            {
              "uuid": "fa22be62-3399-406f-ba8b-1b59e9523255",
              "title": "Problem 5",
              "fullFile": "",
              "file": "",
              "beforeHooks": [],
              "afterHooks": [],
              "tests": [
                {
                  "title": "5-1 Render green correctly",
                  "fullTitle": "Hack#1 Public Test Problem 5 5-1 Render green correctly",
                  "timedOut": null,
                  "duration": 451,
                  "state": "passed",
                  "speed": "fast",
                  "pass": true,
                  "fail": false,
                  "pending": false,
                  "context": null,
                  "code": "const test = ['m', 'a', 'n', 'b', 'c', 'enter'];\nfor (let i = 0; i < test.length; i += 1) {\n  cy.get('body').type(`{${test[i]}}`);\n}\ncy.get('.Keyboard-container > .Keyboard-row > #char_n').should('have.class', 'green').and('have.text', 'n');\ncy.get('.Keyboard-container > .Keyboard-row > #char_m').should('have.class', 'green').and('have.text', 'm');\ncy.get('.Keyboard-container > .Keyboard-row > #char_a').should('have.text', 'a').not('have.class', 'green').not('have.class', 'yellow');\ncy.get('.Keyboard-container > .Keyboard-row > #char_b').should('have.text', 'b').not('have.class', 'green').not('have.class', 'yellow');\ncy.get('.Keyboard-container > .Keyboard-row > #char_c').should('have.text', 'c').not('have.class', 'green').not('have.class', 'yellow');",
                  "err": {},
                  "uuid": "8a29baaa-82cb-4b0c-8393-8a99e23b3b67",
                  "parentUUID": "fa22be62-3399-406f-ba8b-1b59e9523255",
                  "isHook": false,
                  "skipped": false
                },
                {
                  "title": "5-2 Multiple Lines",
                  "fullTitle": "Hack#1 Public Test Problem 5 5-2 Multiple Lines",
                  "timedOut": null,
                  "duration": 2914,
                  "state": "passed",
                  "speed": "fast",
                  "pass": true,
                  "fail": false,
                  "pending": false,
                  "context": null,
                  "code": "const tests = [['a', 'b', 'c', 'e', 'f', 'enter'], ['n', 'b', 'c', 'e', 'f', 'enter'], ['m', 'n', 'c', 'e', 'f', 'enter'], ['m', 'u', 'n', 'e', 'f', 'enter'], ['m', 'u', 'n', 's', 'i', 'enter'], ['a', 'b', 'c', 'e', 'f', 'enter']]; // key match with \"w i n d y\"\nconst key_match = [['', '', '', '', ''], ['', '', 'yellow', '', ''], ['green', '', 'yellow', '', ''], ['green', '', 'green', 'yellow', ''], ['green', 'yellow', 'green', 'yellow', 'yellow'], ['green', 'yellow', 'green', 'yellow', 'yellow']];\nfor (let line = 0; line < tests.length; line += 1) {\n  for (let i = 0; i < tests[0].length; i += 1) {\n    cy.get('body').type(`{${tests[line][i]}}`);\n  }\n  for (let i = 0; i < KBrow_1.length; i++) {\n    if (!solList.includes(KBrow_1[i])) {\n      cy.get('.Keyboard-container > #KBrow_1 > #char_' + KBrow_1[i]).should('have.text', KBrow_1[i]).not('have.class', 'green').not('have.class', 'yellow');\n    } else {\n      if (key_match[line][solList.indexOf(KBrow_1[i])]) {\n        cy.get('.Keyboard-container > #KBrow_1 > #char_' + KBrow_1[i]).should('have.text', KBrow_1[i]).and('have.class', key_match[line][solList.indexOf(KBrow_1[i])]);\n      } else {\n        cy.get('.Keyboard-container > #KBrow_1 > #char_' + KBrow_1[i]).should('have.text', KBrow_1[i]).not('have.class', 'green').not('have.class', 'yellow');\n      }\n    }\n  }\n  for (let i = 0; i < KBrow_2.length; i++) {\n    if (!solList.includes(KBrow_2[i])) {\n      cy.get('.Keyboard-container > #KBrow_2 > #char_' + KBrow_2[i]).should('have.text', KBrow_2[i]).not('have.class', 'green').not('have.class', 'yellow');\n    } else {\n      if (key_match[line][solList.indexOf(KBrow_2[i])]) {\n        cy.get('.Keyboard-container > #KBrow_2 > #char_' + KBrow_2[i]).should('have.text', KBrow_2[i]).and('have.class', key_match[line][solList.indexOf(KBrow_2[i])]);\n      } else {\n        cy.get('.Keyboard-container > #KBrow_2 > #char_' + KBrow_2[i]).should('have.text', KBrow_2[i]).not('have.class', 'green').not('have.class', 'yellow');\n      }\n    }\n  }\n  for (let i = 0; i < KBrow_3.length; i++) {\n    if (!solList.includes(KBrow_3[i])) {\n      cy.get('.Keyboard-container > #KBrow_3 > #char_' + KBrow_3[i]).should('have.text', KBrow_3[i]).not('have.class', 'green').not('have.class', 'yellow');\n    } else {\n      if (key_match[line][solList.indexOf(KBrow_3[i])]) {\n        cy.get('.Keyboard-container > #KBrow_3 > #char_' + KBrow_3[i]).should('have.text', KBrow_3[i]).and('have.class', key_match[line][solList.indexOf(KBrow_3[i])]);\n      } else {\n        cy.get('.Keyboard-container > #KBrow_3 > #char_' + KBrow_3[i]).should('have.text', KBrow_3[i]).not('have.class', 'green').not('have.class', 'yellow');\n      }\n    }\n  }\n}",
                  "err": {},
                  "uuid": "8d667be6-ef9a-40b7-a45f-50abd2f4edff",
                  "parentUUID": "fa22be62-3399-406f-ba8b-1b59e9523255",
                  "isHook": false,
                  "skipped": false
                }
              ],
              "suites": [],
              "passes": [
                "8a29baaa-82cb-4b0c-8393-8a99e23b3b67",
                "8d667be6-ef9a-40b7-a45f-50abd2f4edff"
              ],
              "failures": [],
              "pending": [],
              "skipped": [],
              "duration": 3365,
              "root": false,
              "rootEmpty": false,
              "_timeout": 2000
            },
            {
              "uuid": "d00be67f-87ce-4fdc-b8a3-074dc77b0b57",
              "title": "Problem 6",
              "fullFile": "",
              "file": "",
              "beforeHooks": [],
              "afterHooks": [],
              "tests": [
                {
                  "title": "6-1 Show winning info",
                  "fullTitle": "Hack#1 Public Test Problem 6 6-1 Show winning info",
                  "timedOut": null,
                  "duration": 2041,
                  "state": "passed",
                  "speed": "fast",
                  "pass": true,
                  "fail": false,
                  "pending": false,
                  "context": null,
                  "code": "const tests = [['a', 'b', 'c', 'e', 'f', 'enter'], ['n', 'b', 'c', 'e', 'f', 'enter'], ['m', 'n', 'c', 'e', 'f', 'enter'], ['m', 'u', 'n', 's', 'i', 'enter'], ['m', 'i', 'n', 'u', 's', 'enter']];\nfor (let line = 0; line < tests.length; line += 1) {\n  for (let i = 0; i < tests[0].length; i += 1) {\n    cy.get('body').type(`{${tests[line][i]}}`);\n  }\n  if (line != tests.length - 1) {\n    cy.get('.Wordle-lose').should('have.class', 'Hidden');\n  }\n}\ncy.get('.Wordle-win').should('have.text', 'You win!!!!');",
                  "err": {},
                  "uuid": "c8a282b2-e098-48a9-aa9a-17616deb8fa5",
                  "parentUUID": "d00be67f-87ce-4fdc-b8a3-074dc77b0b57",
                  "isHook": false,
                  "skipped": false
                },
                {
                  "title": "6-2 Show losing info",
                  "fullTitle": "Hack#1 Public Test Problem 6 6-2 Show losing info",
                  "timedOut": null,
                  "duration": 2466,
                  "state": "passed",
                  "speed": "fast",
                  "pass": true,
                  "fail": false,
                  "pending": false,
                  "context": null,
                  "code": "const tests = [['a', 'b', 'c', 'e', 'f', 'enter'], ['n', 'b', 'c', 'e', 'f', 'enter'], ['m', 'n', 'c', 'e', 'f', 'enter'], ['m', 'u', 'n', 'e', 'f', 'enter'], ['m', 'u', 'n', 's', 'i', 'enter'], ['a', 'b', 'c', 'e', 'f', 'enter']];\nfor (let line = 0; line < tests.length; line += 1) {\n  for (let i = 0; i < tests[0].length; i += 1) {\n    cy.get('body').type(`{${tests[line][i]}}`);\n  }\n  if (line != tests.length - 1) {\n    cy.get('.Wordle-lose').should('have.class', 'Hidden');\n  }\n}\ncy.get('.Wordle-lose').not('have.class', 'Hidden').should('have.text', 'You lose!!!! The answer is ' + solution + '.');",
                  "err": {},
                  "uuid": "19d70eb4-da61-46dc-b2dd-a7cd78f1435e",
                  "parentUUID": "d00be67f-87ce-4fdc-b8a3-074dc77b0b57",
                  "isHook": false,
                  "skipped": false
                }
              ],
              "suites": [],
              "passes": [
                "c8a282b2-e098-48a9-aa9a-17616deb8fa5",
                "19d70eb4-da61-46dc-b2dd-a7cd78f1435e"
              ],
              "failures": [],
              "pending": [],
              "skipped": [],
              "duration": 4507,
              "root": false,
              "rootEmpty": false,
              "_timeout": 2000
            }
          ],
          "passes": [],
          "failures": [],
          "pending": [],
          "skipped": [],
          "duration": 0,
          "root": false,
          "rootEmpty": false,
          "_timeout": 2000
        }
      ],
      "passes": [],
      "failures": [],
      "pending": [],
      "skipped": [],
      "duration": 0,
      "root": true,
      "rootEmpty": true,
      "_timeout": 2000
    }
  ],
  "meta": {
    "mocha": {
      "version": "7.0.1"
    },
    "mochawesome": {
      "options": {
        "quiet": false,
        "reportFilename": "mochawesome",
        "saveHtml": true,
        "saveJson": true,
        "consoleReporter": "spec",
        "useInlineDiffs": false,
        "code": true
      },
      "version": "7.1.3"
    },
    "marge": {
      "options": {
        "id": "default",
        "reportDir": "cypress/results",
        "overwrite": true,
        "html": true,
        "json": true
      },
      "version": "6.2.0"
    }
  }
}